SF:lib/features/profile/widgets/profile_screen.dart
DA:4,1
DA:6,1
DA:8,2
LF:3
LH:3
end_of_record
SF:lib/features/settings/widgets/settings_screen.dart
DA:4,1
DA:6,1
DA:8,2
LF:3
LH:3
end_of_record
SF:lib/main.dart
DA:7,1
DA:9,1
DA:11,1
DA:12,1
DA:17,0
DA:18,0
LF:6
LH:4
end_of_record
SF:lib/routing/main_screen.dart
DA:8,1
DA:10,1
DA:11,1
DA:17,1
DA:19,1
DA:20,1
DA:21,1
DA:23,1
DA:24,1
DA:25,1
DA:26,2
DA:27,1
DA:31,1
DA:32,1
DA:33,1
DA:34,1
DA:35,2
LF:17
LH:17
end_of_record
SF:lib/features/home/screens/home_screen.dart
DA:6,1
DA:8,1
DA:10,1
DA:11,1
DA:12,2
DA:13,1
LF:6
LH:6
end_of_record
SF:lib/routing/app_router.dart
DA:6,3
DA:7,1
DA:8,3
DA:9,1
DA:10,1
LF:5
LH:5
end_of_record
