SF:lib/src/data/suggestion_model.dart
DA:10,1
DA:12,1
DA:13,1
DA:15,0
LF:4
LH:3
end_of_record
SF:lib/src/data/suggestion_model.g.dart
DA:9,1
DA:10,1
DA:11,1
DA:12,1
DA:15,0
DA:16,0
DA:17,0
DA:18,0
LF:8
LH:4
end_of_record
SF:lib/src/data/suggestions_repository.dart
DA:8,1
DA:10,1
DA:11,1
DA:12,1
DA:13,1
DA:14,4
LF:6
LH:6
end_of_record
SF:lib/src/bloc/suggestions_event.dart
DA:4,1
DA:6,0
DA:7,0
LF:3
LH:1
end_of_record
SF:lib/src/bloc/suggestions_state.dart
DA:4,1
DA:6,1
DA:7,1
DA:17,1
DA:19,2
DA:21,1
DA:22,2
LF:7
LH:7
end_of_record
SF:lib/src/bloc/suggestions_bloc.dart
DA:15,1
DA:16,2
DA:17,2
DA:20,1
DA:24,2
DA:27,2
DA:29,1
DA:30,4
DA:31,2
DA:33,3
DA:36,2
LF:11
LH:11
end_of_record
SF:lib/src/widgets/scrolling_search_suggestion.dart
DA:9,1
DA:11,1
DA:13,1
DA:28,1
DA:30,1
DA:32,2
DA:37,2
DA:40,1
DA:41,1
DA:42,1
DA:47,2
DA:50,1
DA:51,1
DA:52,1
DA:56,4
DA:59,1
DA:60,3
DA:61,4
DA:62,2
DA:63,2
DA:64,2
DA:65,4
DA:67,2
DA:69,1
DA:70,2
DA:71,4
DA:72,0
DA:79,1
DA:81,2
DA:82,2
DA:83,1
DA:86,1
DA:88,1
DA:89,1
DA:90,1
DA:91,2
DA:92,1
DA:95,1
DA:96,1
DA:98,1
DA:102,1
DA:103,1
DA:104,1
DA:105,1
DA:107,1
DA:108,1
DA:111,1
DA:112,1
DA:113,1
DA:114,1
DA:115,1
DA:116,1
DA:117,1
DA:118,1
DA:119,1
DA:120,3
LF:56
LH:55
end_of_record
